<?xml version="1.0" encoding="UTF-8"?>
<!-- Generated by org.testng.reporters.JUnitReportReporter -->
<testsuite hostname="MacBookPro" failures="0" tests="1" name="TestNg.Assignment63_TimeOut" time="0.222" errors="1" timestamp="2024-11-24T10:54:02 PST" skipped="0">
  <testcase classname="TestNg.Assignment63_TimeOut" name="googlelunch" time="0.222">
    <error message="Method TestNg.Assignment63_TimeOut.googlelunch() didn&#039;t finish within the time-out 200" type="org.testng.internal.thread.ThreadTimeoutException">
      <![CDATA[org.testng.internal.thread.ThreadTimeoutException: Method TestNg.Assignment63_TimeOut.googlelunch() didn't finish within the time-out 200
at java.base@17.0.6/java.lang.Object.wait(Native Method)
at java.base@17.0.6/java.lang.Object.wait(Object.java:472)
at java.base@17.0.6/java.util.concurrent.TimeUnit.timedWait(TimeUnit.java:408)
at java.base@17.0.6/java.lang.ProcessImpl.waitFor(ProcessImpl.java:449)
at app//org.openqa.selenium.os.ExternalProcess.waitFor(ExternalProcess.java:277)
at app//org.openqa.selenium.manager.SeleniumManager.runCommand(SeleniumManager.java:141)
at app//org.openqa.selenium.manager.SeleniumManager.getBinaryPaths(SeleniumManager.java:247)
at app//org.openqa.selenium.remote.service.DriverFinder.getBinaryPaths(DriverFinder.java:102)
at app//org.openqa.selenium.remote.service.DriverFinder.getDriverPath(DriverFinder.java:55)
at app//org.openqa.selenium.chrome.ChromeDriver.generateExecutor(ChromeDriver.java:99)
at app//org.openqa.selenium.chrome.ChromeDriver.<init>(ChromeDriver.java:88)
at app//org.openqa.selenium.chrome.ChromeDriver.<init>(ChromeDriver.java:83)
at app//org.openqa.selenium.chrome.ChromeDriver.<init>(ChromeDriver.java:51)
at app//TestNg.Assignment63_TimeOut.googlelunch(Assignment63_TimeOut.java:10)
at java.base@17.0.6/jdk.internal.reflect.NativeMethodAccessorImpl.invoke0(Native Method)
at java.base@17.0.6/jdk.internal.reflect.NativeMethodAccessorImpl.invoke(NativeMethodAccessorImpl.java:77)
at java.base@17.0.6/jdk.internal.reflect.DelegatingMethodAccessorImpl.invoke(DelegatingMethodAccessorImpl.java:43)
at java.base@17.0.6/java.lang.reflect.Method.invoke(Method.java:568)
at app//org.testng.internal.invokers.MethodInvocationHelper.invokeMethod(MethodInvocationHelper.java:141)
at app//org.testng.internal.invokers.InvokeMethodRunnable.runOne(InvokeMethodRunnable.java:47)
at app//org.testng.internal.invokers.InvokeMethodRunnable.call(InvokeMethodRunnable.java:76)
at app//org.testng.internal.invokers.InvokeMethodRunnable.call(InvokeMethodRunnable.java:11)
at java.base@17.0.6/java.util.concurrent.FutureTask.run(FutureTask.java:264)
at java.base@17.0.6/java.util.concurrent.ThreadPoolExecutor.runWorker(ThreadPoolExecutor.java:1136)
at java.base@17.0.6/java.util.concurrent.ThreadPoolExecutor$Worker.run(ThreadPoolExecutor.java:635)
at java.base@17.0.6/java.lang.Thread.run(Thread.java:833)
]]>
    </error>
  </testcase> <!-- googlelunch -->
</testsuite> <!-- TestNg.Assignment63_TimeOut -->
