<?xml version="1.0" encoding="UTF-8"?>
<!-- Generated by org.testng.reporters.JUnitXMLReporter -->
<testsuite ignored="0" hostname="MacBookPro" failures="1" tests="1" name="Default test(failed)" time="0.07" errors="0" timestamp="2024-11-02T09:14:44 PDT">
  <testcase classname="TestNg.Assignment66_ParallelTesting_Amazon_Search" name="Launchamazon" time="0.0">
    <failure type="org.testng.TestNGException" message="
Parameter &amp;apos;browser&amp;apos; is required by @Test on method Launchamazon but has not been marked @Optional or defined
in /Users/bikashdhungana/Desktop/Selenium 2/FirstMavenproject/test-output/testng-failed.xml">
      <![CDATA[org.testng.TestNGException: 
Parameter 'browser' is required by @Test on method Launchamazon but has not been marked @Optional or defined
in /Users/bikashdhungana/Desktop/Selenium 2/FirstMavenproject/test-output/testng-failed.xml
at java.base/java.util.ArrayList.forEach(ArrayList.java:1511)
... Removed 26 stack frames]]>
    </failure>
  </testcase> <!-- Launchamazon -->
</testsuite> <!-- Default test(failed) -->
