<?xml version="1.0" encoding="UTF-8"?>
<!-- Generated by org.testng.reporters.JUnitReportReporter -->
<testsuite hostname="Bikashs-MacBook-Pro.local" failures="0" tests="1" name="thirdmavenproject.EDURIKA6Test" time="6.060" errors="1" timestamp="2024-01-27T14:57:08 PST" skipped="0">
  <testcase classname="thirdmavenproject.EDURIKA6Test" name="f" time="6.060">
    <error message="session not created: This version of ChromeDriver only supports Chrome version 114
Current browser version is 121.0.6167.85 with binary path /Applications/Google Chrome.app/Contents/MacOS/Google Chrome
Build info: version: &#039;3.14.0&#039;, revision: &#039;aacccce0&#039;, time: &#039;2018-08-02T20:13:22.693Z&#039;
System info: host: &#039;Bikashs-MacBook-Pro.local&#039;, ip: &#039;fe80:0:0:0:18cc:ea4:a448:8d80%en0&#039;, os.name: &#039;Mac OS X&#039;, os.arch: &#039;aarch64&#039;, os.version: &#039;14.0&#039;, java.version: &#039;19.0.2&#039;
Driver info: driver.version: ChromeDriver
remote stacktrace: 0   chromedriver                        0x00000001010cff48 chromedriver + 4226888
1   chromedriver                        0x00000001010c84f4 chromedriver + 4195572
2   chromedriver                        0x0000000100d0cd68 chromedriver + 281960
3   chromedriver                        0x0000000100d38bac chromedriver + 461740
4   chromedriver                        0x0000000100d34fd8 chromedriver + 446424
5   chromedriver                        0x0000000100d32150 chromedriver + 434512
6   chromedriver                        0x0000000100d6f93c chromedriver + 686396
7   chromedriver                        0x0000000100d6f164 chromedriver + 684388
8   chromedriver                        0x0000000100d3bf1c chromedriver + 474908
9   chromedriver                        0x0000000100d3cef4 chromedriver + 478964
10  chromedriver                        0x000000010109159c chromedriver + 3970460
11  chromedriver                        0x00000001010956f0 chromedriver + 3987184
12  chromedriver                        0x000000010109b5b4 chromedriver + 4011444
13  chromedriver                        0x00000001010962fc chromedriver + 3990268
14  chromedriver                        0x000000010106e1c0 chromedriver + 3826112
15  chromedriver                        0x00000001010b2088 chromedriver + 4104328
16  chromedriver                        0x00000001010b21e0 chromedriver + 4104672
17  chromedriver                        0x00000001010c1f28 chromedriver + 4169512
18  libsystem_pthread.dylib             0x000000018257b034 _pthread_start + 136
19  libsystem_pthread.dylib             0x0000000182575e3c thread_start + 8
" type="org.openqa.selenium.SessionNotCreatedException">
      <![CDATA[org.openqa.selenium.SessionNotCreatedException: session not created: This version of ChromeDriver only supports Chrome version 114
Current browser version is 121.0.6167.85 with binary path /Applications/Google Chrome.app/Contents/MacOS/Google Chrome
Build info: version: '3.14.0', revision: 'aacccce0', time: '2018-08-02T20:13:22.693Z'
System info: host: 'Bikashs-MacBook-Pro.local', ip: 'fe80:0:0:0:18cc:ea4:a448:8d80%en0', os.name: 'Mac OS X', os.arch: 'aarch64', os.version: '14.0', java.version: '19.0.2'
Driver info: driver.version: ChromeDriver
remote stacktrace: 0   chromedriver                        0x00000001010cff48 chromedriver + 4226888
1   chromedriver                        0x00000001010c84f4 chromedriver + 4195572
2   chromedriver                        0x0000000100d0cd68 chromedriver + 281960
3   chromedriver                        0x0000000100d38bac chromedriver + 461740
4   chromedriver                        0x0000000100d34fd8 chromedriver + 446424
5   chromedriver                        0x0000000100d32150 chromedriver + 434512
6   chromedriver                        0x0000000100d6f93c chromedriver + 686396
7   chromedriver                        0x0000000100d6f164 chromedriver + 684388
8   chromedriver                        0x0000000100d3bf1c chromedriver + 474908
9   chromedriver                        0x0000000100d3cef4 chromedriver + 478964
10  chromedriver                        0x000000010109159c chromedriver + 3970460
11  chromedriver                        0x00000001010956f0 chromedriver + 3987184
12  chromedriver                        0x000000010109b5b4 chromedriver + 4011444
13  chromedriver                        0x00000001010962fc chromedriver + 3990268
14  chromedriver                        0x000000010106e1c0 chromedriver + 3826112
15  chromedriver                        0x00000001010b2088 chromedriver + 4104328
16  chromedriver                        0x00000001010b21e0 chromedriver + 4104672
17  chromedriver                        0x00000001010c1f28 chromedriver + 4169512
18  libsystem_pthread.dylib             0x000000018257b034 _pthread_start + 136
19  libsystem_pthread.dylib             0x0000000182575e3c thread_start + 8

at java.base/jdk.internal.reflect.DirectConstructorHandleAccessor.newInstance(DirectConstructorHandleAccessor.java:67)
at java.base/java.lang.reflect.Constructor.newInstanceWithCaller(Constructor.java:500)
at java.base/java.lang.reflect.Constructor.newInstance(Constructor.java:484)
at org.openqa.selenium.remote.W3CHandshakeResponse.lambda$new$0(W3CHandshakeResponse.java:57)
at org.openqa.selenium.remote.W3CHandshakeResponse.lambda$getResponseFunction$2(W3CHandshakeResponse.java:104)
at org.openqa.selenium.remote.ProtocolHandshake.lambda$createSession$0(ProtocolHandshake.java:122)
at java.base/java.util.stream.ReferencePipeline$3$1.accept(ReferencePipeline.java:197)
at java.base/java.util.Spliterators$ArraySpliterator.tryAdvance(Spliterators.java:1016)
at java.base/java.util.stream.ReferencePipeline.forEachWithCancel(ReferencePipeline.java:129)
at java.base/java.util.stream.AbstractPipeline.copyIntoWithCancel(AbstractPipeline.java:527)
at java.base/java.util.stream.AbstractPipeline.copyInto(AbstractPipeline.java:513)
at java.base/java.util.stream.AbstractPipeline.wrapAndCopyInto(AbstractPipeline.java:499)
at java.base/java.util.stream.FindOps$FindOp.evaluateSequential(FindOps.java:150)
at java.base/java.util.stream.AbstractPipeline.evaluate(AbstractPipeline.java:234)
at java.base/java.util.stream.ReferencePipeline.findFirst(ReferencePipeline.java:647)
at org.openqa.selenium.remote.ProtocolHandshake.createSession(ProtocolHandshake.java:125)
at org.openqa.selenium.remote.ProtocolHandshake.createSession(ProtocolHandshake.java:73)
at org.openqa.selenium.remote.HttpCommandExecutor.execute(HttpCommandExecutor.java:136)
at org.openqa.selenium.remote.service.DriverCommandExecutor.execute(DriverCommandExecutor.java:83)
at org.openqa.selenium.remote.RemoteWebDriver.execute(RemoteWebDriver.java:548)
at org.openqa.selenium.remote.RemoteWebDriver.startSession(RemoteWebDriver.java:212)
at org.openqa.selenium.remote.RemoteWebDriver.<init>(RemoteWebDriver.java:130)
at org.openqa.selenium.chrome.ChromeDriver.<init>(ChromeDriver.java:181)
at org.openqa.selenium.chrome.ChromeDriver.<init>(ChromeDriver.java:168)
at org.openqa.selenium.chrome.ChromeDriver.<init>(ChromeDriver.java:123)
at thirdmavenproject.EDURIKA6Test.f(EDURIKA6Test.java:14)
at java.base/jdk.internal.reflect.DirectMethodHandleAccessor.invoke(DirectMethodHandleAccessor.java:104)
at java.base/java.lang.reflect.Method.invoke(Method.java:578)
at org.testng.internal.invokers.MethodInvocationHelper.invokeMethod(MethodInvocationHelper.java:139)
at org.testng.internal.invokers.TestInvoker.invokeMethod(TestInvoker.java:664)
at org.testng.internal.invokers.TestInvoker.invokeTestMethod(TestInvoker.java:227)
at org.testng.internal.invokers.MethodRunner.runInSequence(MethodRunner.java:50)
at org.testng.internal.invokers.TestInvoker$MethodInvocationAgent.invoke(TestInvoker.java:957)
at org.testng.internal.invokers.TestInvoker.invokeTestMethods(TestInvoker.java:200)
at org.testng.internal.invokers.TestMethodWorker.invokeTestMethods(TestMethodWorker.java:148)
at org.testng.internal.invokers.TestMethodWorker.run(TestMethodWorker.java:128)
at java.base/java.util.ArrayList.forEach(ArrayList.java:1511)
at org.testng.TestRunner.privateRun(TestRunner.java:848)
at org.testng.TestRunner.run(TestRunner.java:621)
at org.testng.SuiteRunner.runTest(SuiteRunner.java:443)
at org.testng.SuiteRunner.runSequentially(SuiteRunner.java:437)
at org.testng.SuiteRunner.privateRun(SuiteRunner.java:397)
at org.testng.SuiteRunner.run(SuiteRunner.java:336)
at org.testng.SuiteRunnerWorker.runSuite(SuiteRunnerWorker.java:52)
at org.testng.SuiteRunnerWorker.run(SuiteRunnerWorker.java:95)
at org.testng.TestNG.runSuitesSequentially(TestNG.java:1280)
at org.testng.TestNG.runSuitesLocally(TestNG.java:1200)
at org.testng.TestNG.runSuites(TestNG.java:1114)
at org.testng.TestNG.run(TestNG.java:1082)
at org.testng.remote.AbstractRemoteTestNG.run(AbstractRemoteTestNG.java:115)
at org.testng.remote.RemoteTestNG.initAndRun(RemoteTestNG.java:251)
at org.testng.remote.RemoteTestNG.main(RemoteTestNG.java:77)
]]>
    </error>
  </testcase> <!-- f -->
</testsuite> <!-- thirdmavenproject.EDURIKA6Test -->
